###############################################################
#  Generated by:      Cadence Innovus 20.11-s130_1
#  OS:                Linux x86_64(Host ID fatima.novalocal)
#  Generated on:      Sun Jan  8 15:21:40 2023
#  Design:            BATCHARGERctr
#  Command:           checkDesign -all > checkDesign.txt
###############################################################
Design: BATCHARGERctr

------ Design Summary:
Total Standard Cell Number   (cells) : 369
Total Block Cell Number      (cells) : 0
Total I/O Pad Cell Number    (cells) : 0
Total Standard Cell Area     ( um^2) : 2432.00
Total Block Cell Area        ( um^2) : 0.00
Total I/O Pad Cell Area      ( um^2) : 0.00

------ Design Statistics:

Number of Instances            : 369
Number of Non-uniquified Insts : 351
Number of Nets                 : 305
Average number of Pins per Net : 2.77
Maximum number of Pins in Net  : 21

------ I/O Port summary

Number of Primary I/O Ports    : 84
Number of Input Ports          : 76
Number of Output Ports         : 6
Number of Bidirectional Ports  : 2
Number of Power/Ground Ports   : 0



------------------------------------------------------------
Detail report:


------ I/O Pad/Port Checking

WARN : Port dvdd is floating in the top design.
WARN : Port dgnd is floating in the top design.

